# Logfile created on 2013-12-31 01:26:50 +0530 by logger.rb/31641
I, [2013-12-31T01:26:50.159388 #25011]  INFO -- : 0:  rake (10.1.0) from /home/icicle/.rvm/gems/ruby-1.9.3-p448/specifications/rake-10.1.0.gemspec
I, [2013-12-31T01:27:29.605563 #25011]  INFO -- : 0:  i18n (0.6.1) from /home/icicle/.rvm/gems/ruby-1.9.3-p448/specifications/i18n-0.6.1.gemspec
I, [2013-12-31T01:28:09.321965 #25011]  INFO -- : 0:  multi_json (1.8.2) from /home/icicle/.rvm/gems/ruby-1.9.3-p448/specifications/multi_json-1.8.2.gemspec
I, [2013-12-31T01:28:55.304549 #25011]  INFO -- : 0:  activesupport (3.2.13) from /home/icicle/.rvm/gems/ruby-1.9.3-p448/specifications/activesupport-3.2.13.gemspec
I, [2013-12-31T01:29:34.146678 #25011]  INFO -- : 0:  builder (3.0.4) from /home/icicle/.rvm/gems/ruby-1.9.3-p448/specifications/builder-3.0.4.gemspec
I, [2013-12-31T01:30:13.031397 #25011]  INFO -- : 0:  activemodel (3.2.13) from /home/icicle/.rvm/gems/ruby-1.9.3-p448/specifications/activemodel-3.2.13.gemspec
I, [2013-12-31T01:30:54.309399 #25011]  INFO -- : 0:  erubis (2.7.0) from /home/icicle/.rvm/gems/ruby-1.9.3-p448/specifications/erubis-2.7.0.gemspec
I, [2013-12-31T01:31:47.622958 #25011]  INFO -- : 0:  journey (1.0.4) from /home/icicle/.rvm/gems/ruby-1.9.3-p448/specifications/journey-1.0.4.gemspec
I, [2013-12-31T01:32:42.329721 #25011]  INFO -- : 0:  rack (1.4.5) from /home/icicle/.rvm/gems/ruby-1.9.3-p448/specifications/rack-1.4.5.gemspec
I, [2013-12-31T01:33:23.793474 #25011]  INFO -- : 0:  rack-cache (1.2) from /home/icicle/.rvm/gems/ruby-1.9.3-p448/specifications/rack-cache-1.2.gemspec
I, [2013-12-31T01:34:02.319173 #25011]  INFO -- : 0:  rack-test (0.6.2) from /home/icicle/.rvm/gems/ruby-1.9.3-p448/specifications/rack-test-0.6.2.gemspec
I, [2013-12-31T01:34:40.231710 #25011]  INFO -- : 0:  hike (1.2.3) from /home/icicle/.rvm/gems/ruby-1.9.3-p448/specifications/hike-1.2.3.gemspec
I, [2013-12-31T01:35:19.820407 #25011]  INFO -- : 0:  tilt (1.4.1) from /home/icicle/.rvm/gems/ruby-1.9.3-p448/specifications/tilt-1.4.1.gemspec
I, [2013-12-31T01:35:59.019669 #25011]  INFO -- : 0:  sprockets (2.2.2) from /home/icicle/.rvm/gems/ruby-1.9.3-p448/specifications/sprockets-2.2.2.gemspec
I, [2013-12-31T01:36:42.098655 #25011]  INFO -- : 0:  actionpack (3.2.13) from /home/icicle/.rvm/gems/ruby-1.9.3-p448/specifications/actionpack-3.2.13.gemspec
I, [2013-12-31T01:37:21.197937 #25011]  INFO -- : 0:  mime-types (1.25.1) from /home/icicle/.rvm/gems/ruby-1.9.3-p448/specifications/mime-types-1.25.1.gemspec
I, [2013-12-31T01:37:59.428467 #25011]  INFO -- : 0:  polyglot (0.3.3) from /home/icicle/.rvm/gems/ruby-1.9.3-p448/specifications/polyglot-0.3.3.gemspec
I, [2013-12-31T01:38:38.445426 #25011]  INFO -- : 0:  treetop (1.4.15) from /home/icicle/.rvm/gems/ruby-1.9.3-p448/specifications/treetop-1.4.15.gemspec
I, [2013-12-31T01:39:19.473504 #25011]  INFO -- : 0:  mail (2.5.4) from /home/icicle/.rvm/gems/ruby-1.9.3-p448/specifications/mail-2.5.4.gemspec
I, [2013-12-31T01:39:57.733917 #25011]  INFO -- : 0:  actionmailer (3.2.13) from /home/icicle/.rvm/gems/ruby-1.9.3-p448/specifications/actionmailer-3.2.13.gemspec
I, [2013-12-31T01:40:37.301234 #25011]  INFO -- : 0:  arel (3.0.3) from /home/icicle/.rvm/gems/ruby-1.9.3-p448/specifications/arel-3.0.3.gemspec
I, [2013-12-31T01:41:19.071016 #25011]  INFO -- : 0:  tzinfo (0.3.38) from /home/icicle/.rvm/gems/ruby-1.9.3-p448/specifications/tzinfo-0.3.38.gemspec
I, [2013-12-31T01:41:59.660868 #25011]  INFO -- : 0:  activerecord (3.2.13) from /home/icicle/.rvm/gems/ruby-1.9.3-p448/specifications/activerecord-3.2.13.gemspec
I, [2013-12-31T01:42:38.105243 #25011]  INFO -- : 0:  activeresource (3.2.13) from /home/icicle/.rvm/gems/ruby-1.9.3-p448/specifications/activeresource-3.2.13.gemspec
I, [2013-12-31T01:43:19.468363 #25011]  INFO -- : 0:  addressable (2.3.5) from /home/icicle/.rvm/gems/ruby-1.9.3-p448/specifications/addressable-2.3.5.gemspec
I, [2013-12-31T01:43:58.591980 #25011]  INFO -- : 0:  ansi (1.4.3) from /home/icicle/.rvm/gems/ruby-1.9.3-p448/specifications/ansi-1.4.3.gemspec
I, [2013-12-31T01:44:38.844337 #25011]  INFO -- : 0:  atomic (1.1.14) from /home/icicle/.rvm/gems/ruby-1.9.3-p448/specifications/atomic-1.1.14.gemspec
I, [2013-12-31T01:45:33.893391 #25011]  INFO -- : 0:  bcrypt-ruby (3.1.2) from /home/icicle/.rvm/gems/ruby-1.9.3-p448/specifications/bcrypt-ruby-3.1.2.gemspec
I, [2013-12-31T01:46:11.881074 #25011]  INFO -- : 0:  mini_portile (0.5.2) from /home/icicle/.rvm/gems/ruby-1.9.3-p448/specifications/mini_portile-0.5.2.gemspec
I, [2013-12-31T01:50:04.732019 #25011]  INFO -- : 0:  nokogiri (1.6.0) from /home/icicle/.rvm/gems/ruby-1.9.3-p448/specifications/nokogiri-1.6.0.gemspec
I, [2013-12-31T01:50:42.995047 #25011]  INFO -- : 0:  xpath (2.0.0) from /home/icicle/.rvm/gems/ruby-1.9.3-p448/specifications/xpath-2.0.0.gemspec
I, [2013-12-31T01:51:37.873092 #25011]  INFO -- : 0:  capybara (2.1.0) from /home/icicle/.rvm/gems/ruby-1.9.3-p448/specifications/capybara-2.1.0.gemspec
I, [2013-12-31T01:52:16.181267 #25011]  INFO -- : 0:  timers (1.1.0) from /home/icicle/.rvm/gems/ruby-1.9.3-p448/specifications/timers-1.1.0.gemspec
I, [2013-12-31T01:52:55.640036 #25011]  INFO -- : 0:  celluloid (0.15.2) from /home/icicle/.rvm/gems/ruby-1.9.3-p448/specifications/celluloid-0.15.2.gemspec
I, [2013-12-31T01:53:45.538671 #25011]  INFO -- : 0:  ffi (1.9.3) from /home/icicle/.rvm/gems/ruby-1.9.3-p448/specifications/ffi-1.9.3.gemspec
I, [2013-12-31T01:54:24.167055 #25011]  INFO -- : 0:  childprocess (0.3.9) from /home/icicle/.rvm/gems/ruby-1.9.3-p448/specifications/childprocess-0.3.9.gemspec
I, [2013-12-31T01:55:03.491315 #25011]  INFO -- : 0:  coderay (1.1.0) from /home/icicle/.rvm/gems/ruby-1.9.3-p448/specifications/coderay-1.1.0.gemspec
I, [2013-12-31T01:55:42.500221 #25011]  INFO -- : 0:  coffee-script-source (1.6.3) from /home/icicle/.rvm/gems/ruby-1.9.3-p448/specifications/coffee-script-source-1.6.3.gemspec
I, [2013-12-31T01:56:20.806130 #25011]  INFO -- : 0:  execjs (2.0.2) from /home/icicle/.rvm/gems/ruby-1.9.3-p448/specifications/execjs-2.0.2.gemspec
I, [2013-12-31T01:56:58.768123 #25011]  INFO -- : 0:  coffee-script (2.2.0) from /home/icicle/.rvm/gems/ruby-1.9.3-p448/specifications/coffee-script-2.2.0.gemspec
I, [2013-12-31T01:57:36.706326 #25011]  INFO -- : 0:  rack-ssl (1.3.3) from /home/icicle/.rvm/gems/ruby-1.9.3-p448/specifications/rack-ssl-1.3.3.gemspec
I, [2013-12-31T01:58:32.318273 #25011]  INFO -- : 0:  json (1.8.1) from /home/icicle/.rvm/gems/ruby-1.9.3-p448/specifications/json-1.8.1.gemspec
I, [2013-12-31T01:59:14.068190 #25011]  INFO -- : 0:  rdoc (3.12.2) from /home/icicle/.rvm/gems/ruby-1.9.3-p448/specifications/rdoc-3.12.2.gemspec
I, [2013-12-31T01:59:53.536149 #25011]  INFO -- : 0:  thor (0.18.1) from /home/icicle/.rvm/gems/ruby-1.9.3-p448/specifications/thor-0.18.1.gemspec
I, [2013-12-31T02:00:55.146465 #25011]  INFO -- : 0:  railties (3.2.13) from /home/icicle/.rvm/gems/ruby-1.9.3-p448/specifications/railties-3.2.13.gemspec
I, [2013-12-31T02:01:33.504089 #25011]  INFO -- : 0:  coffee-rails (3.2.2) from /home/icicle/.rvm/gems/ruby-1.9.3-p448/specifications/coffee-rails-3.2.2.gemspec
I, [2013-12-31T02:02:12.373389 #25011]  INFO -- : 0:  database_cleaner (1.0.1) from /home/icicle/.rvm/gems/ruby-1.9.3-p448/specifications/database_cleaner-1.0.1.gemspec
I, [2013-12-31T02:02:50.681452 #25011]  INFO -- : 0:  orm_adapter (0.5.0) from /home/icicle/.rvm/gems/ruby-1.9.3-p448/specifications/orm_adapter-0.5.0.gemspec
I, [2013-12-31T02:03:30.475465 #25011]  INFO -- : 0:  thread_safe (0.1.3) from /home/icicle/.rvm/gems/ruby-1.9.3-p448/specifications/thread_safe-0.1.3.gemspec
I, [2013-12-31T02:04:09.323283 #25011]  INFO -- : 0:  warden (1.2.3) from /home/icicle/.rvm/gems/ruby-1.9.3-p448/specifications/warden-1.2.3.gemspec
I, [2013-12-31T02:04:49.332764 #25011]  INFO -- : 0:  devise (3.2.2) from /home/icicle/.rvm/gems/ruby-1.9.3-p448/specifications/devise-3.2.2.gemspec
I, [2013-12-31T02:05:28.333200 #25011]  INFO -- : 0:  diff-lcs (1.2.5) from /home/icicle/.rvm/gems/ruby-1.9.3-p448/specifications/diff-lcs-1.2.5.gemspec
I, [2013-12-31T02:06:07.808378 #25011]  INFO -- : 0:  factory_girl (4.2.0) from /home/icicle/.rvm/gems/ruby-1.9.3-p448/specifications/factory_girl-4.2.0.gemspec
I, [2013-12-31T02:06:45.855440 #25011]  INFO -- : 0:  factory_girl_rails (4.2.1) from /home/icicle/.rvm/gems/ruby-1.9.3-p448/specifications/factory_girl_rails-4.2.1.gemspec
I, [2013-12-31T02:07:25.471901 #25011]  INFO -- : 0:  faker (1.1.2) from /home/icicle/.rvm/gems/ruby-1.9.3-p448/specifications/faker-1.1.2.gemspec
I, [2013-12-31T02:08:03.751756 #25011]  INFO -- : 0:  formatador (0.2.4) from /home/icicle/.rvm/gems/ruby-1.9.3-p448/specifications/formatador-0.2.4.gemspec
I, [2013-12-31T02:08:42.848840 #25011]  INFO -- : 0:  rb-fsevent (0.9.3) from /home/icicle/.rvm/gems/ruby-1.9.3-p448/specifications/rb-fsevent-0.9.3.gemspec
I, [2013-12-31T02:09:20.879712 #25011]  INFO -- : 0:  rb-inotify (0.9.2) from /home/icicle/.rvm/gems/ruby-1.9.3-p448/specifications/rb-inotify-0.9.2.gemspec
I, [2013-12-31T02:09:59.189514 #25011]  INFO -- : 0:  listen (2.4.0) from /home/icicle/.rvm/gems/ruby-1.9.3-p448/specifications/listen-2.4.0.gemspec
I, [2013-12-31T02:10:52.977993 #25011]  INFO -- : 0:  lumberjack (1.0.4) from /home/icicle/.rvm/gems/ruby-1.9.3-p448/specifications/lumberjack-1.0.4.gemspec
I, [2013-12-31T02:11:30.948669 #25011]  INFO -- : 0:  method_source (0.8.2) from /home/icicle/.rvm/gems/ruby-1.9.3-p448/specifications/method_source-0.8.2.gemspec
I, [2013-12-31T02:12:09.255617 #25011]  INFO -- : 0:  slop (3.4.7) from /home/icicle/.rvm/gems/ruby-1.9.3-p448/specifications/slop-3.4.7.gemspec
I, [2013-12-31T02:13:03.870766 #25011]  INFO -- : 0:  pry (0.9.12.4) from /home/icicle/.rvm/gems/ruby-1.9.3-p448/specifications/pry-0.9.12.4.gemspec
I, [2013-12-31T02:13:44.122405 #25011]  INFO -- : 0:  guard (2.2.4) from /home/icicle/.rvm/gems/ruby-1.9.3-p448/specifications/guard-2.2.4.gemspec
I, [2013-12-31T02:14:24.173669 #25011]  INFO -- : 0:  rspec-core (2.14.7) from /home/icicle/.rvm/gems/ruby-1.9.3-p448/specifications/rspec-core-2.14.7.gemspec
I, [2013-12-31T02:15:03.823806 #25011]  INFO -- : 0:  rspec-expectations (2.14.4) from /home/icicle/.rvm/gems/ruby-1.9.3-p448/specifications/rspec-expectations-2.14.4.gemspec
I, [2013-12-31T02:15:43.175499 #25011]  INFO -- : 0:  rspec-mocks (2.14.4) from /home/icicle/.rvm/gems/ruby-1.9.3-p448/specifications/rspec-mocks-2.14.4.gemspec
I, [2013-12-31T02:16:21.091530 #25011]  INFO -- : 0:  rspec (2.14.1) from /home/icicle/.rvm/gems/ruby-1.9.3-p448/specifications/rspec-2.14.1.gemspec
I, [2013-12-31T02:16:59.413095 #25011]  INFO -- : 0:  guard-rspec (4.2.0) from /home/icicle/.rvm/gems/ruby-1.9.3-p448/specifications/guard-rspec-4.2.0.gemspec
I, [2013-12-31T02:17:37.762483 #25011]  INFO -- : 0:  jbuilder (1.5.3) from /home/icicle/.rvm/gems/ruby-1.9.3-p448/specifications/jbuilder-1.5.3.gemspec
I, [2013-12-31T02:18:17.923308 #25011]  INFO -- : 0:  jquery-rails (3.0.4) from /home/icicle/.rvm/gems/ruby-1.9.3-p448/specifications/jquery-rails-3.0.4.gemspec
I, [2013-12-31T02:18:56.688253 #25011]  INFO -- : 0:  launchy (2.3.0) from /home/icicle/.rvm/gems/ruby-1.9.3-p448/specifications/launchy-2.3.0.gemspec
I, [2013-12-31T02:19:35.261873 #25011]  INFO -- : 0:  libnotify (0.8.2) from /home/icicle/.rvm/gems/ruby-1.9.3-p448/specifications/libnotify-0.8.2.gemspec
I, [2013-12-31T02:26:24.348166 #25011]  INFO -- : 0:  libv8 (3.16.14.3) from /home/icicle/.rvm/gems/ruby-1.9.3-p448/specifications/libv8-3.16.14.3.gemspec
I, [2013-12-31T02:27:11.938492 #25011]  INFO -- : 0:  pg (0.17.0) from /home/icicle/.rvm/gems/ruby-1.9.3-p448/specifications/pg-0.17.0.gemspec
I, [2013-12-31T02:27:11.939157 #25011]  INFO -- : 0:  bundler (1.5.0) from /home/icicle/.rvm/gems/ruby-1.9.3-p448/specifications/bundler-1.5.0.gemspec
I, [2013-12-31T02:28:04.688401 #25011]  INFO -- : 0:  rails (3.2.13) from /home/icicle/.rvm/gems/ruby-1.9.3-p448/specifications/rails-3.2.13.gemspec
I, [2013-12-31T02:28:43.227330 #25011]  INFO -- : 0:  ref (1.0.5) from /home/icicle/.rvm/gems/ruby-1.9.3-p448/specifications/ref-1.0.5.gemspec
I, [2013-12-31T02:29:36.914515 #25011]  INFO -- : 0:  rspec-rails (2.14.0) from /home/icicle/.rvm/gems/ruby-1.9.3-p448/specifications/rspec-rails-2.14.0.gemspec
I, [2013-12-31T02:30:15.728897 #25011]  INFO -- : 0:  rubyzip (0.9.9) from /home/icicle/.rvm/gems/ruby-1.9.3-p448/specifications/rubyzip-0.9.9.gemspec
I, [2013-12-31T02:30:58.045309 #25011]  INFO -- : 0:  sass (3.2.12) from /home/icicle/.rvm/gems/ruby-1.9.3-p448/specifications/sass-3.2.12.gemspec
I, [2013-12-31T02:31:37.863355 #25011]  INFO -- : 0:  sass-rails (3.2.6) from /home/icicle/.rvm/gems/ruby-1.9.3-p448/specifications/sass-rails-3.2.6.gemspec
I, [2013-12-31T02:32:16.535539 #25011]  INFO -- : 0:  websocket (1.0.7) from /home/icicle/.rvm/gems/ruby-1.9.3-p448/specifications/websocket-1.0.7.gemspec
I, [2013-12-31T02:33:22.162166 #25011]  INFO -- : 0:  selenium-webdriver (2.35.1) from /home/icicle/.rvm/gems/ruby-1.9.3-p448/specifications/selenium-webdriver-2.35.1.gemspec
I, [2013-12-31T02:34:03.692637 #25011]  INFO -- : 0:  sqlite3 (1.3.8) from /home/icicle/.rvm/gems/ruby-1.9.3-p448/specifications/sqlite3-1.3.8.gemspec
I, [2013-12-31T02:35:00.898754 #25011]  INFO -- : 0:  therubyracer (0.12.0) from /home/icicle/.rvm/gems/ruby-1.9.3-p448/specifications/therubyracer-0.12.0.gemspec
I, [2013-12-31T02:35:39.710847 #25011]  INFO -- : 0:  turn (0.9.6) from /home/icicle/.rvm/gems/ruby-1.9.3-p448/specifications/turn-0.9.6.gemspec
I, [2013-12-31T02:36:18.769427 #25011]  INFO -- : 0:  uglifier (2.3.2) from /home/icicle/.rvm/gems/ruby-1.9.3-p448/specifications/uglifier-2.3.2.gemspec
I, [2014-01-03T23:03:52.843093 #3794]  INFO -- : 0:  rake (10.1.0) from /home/icicle/.rvm/gems/ruby-2.0.0-p0/specifications/rake-10.1.0.gemspec
I, [2014-01-03T23:03:52.864297 #3794]  INFO -- : 0:  i18n (0.6.1) from /home/icicle/.rvm/gems/ruby-2.0.0-p0/specifications/i18n-0.6.1.gemspec
I, [2014-01-03T23:03:52.865469 #3794]  INFO -- : 0:  multi_json (1.8.2) from /home/icicle/.rvm/gems/ruby-2.0.0-p0/specifications/multi_json-1.8.2.gemspec
I, [2014-01-03T23:03:52.866524 #3794]  INFO -- : 0:  activesupport (3.2.13) from /home/icicle/.rvm/gems/ruby-2.0.0-p0/specifications/activesupport-3.2.13.gemspec
I, [2014-01-03T23:03:52.867489 #3794]  INFO -- : 0:  builder (3.0.4) from /home/icicle/.rvm/gems/ruby-2.0.0-p0/specifications/builder-3.0.4.gemspec
I, [2014-01-03T23:03:52.868519 #3794]  INFO -- : 0:  activemodel (3.2.13) from /home/icicle/.rvm/gems/ruby-2.0.0-p0/specifications/activemodel-3.2.13.gemspec
I, [2014-01-03T23:03:52.869524 #3794]  INFO -- : 0:  erubis (2.7.0) from /home/icicle/.rvm/gems/ruby-2.0.0-p0/specifications/erubis-2.7.0.gemspec
I, [2014-01-03T23:03:52.869901 #3794]  INFO -- : 0:  journey (1.0.4) from /home/icicle/.rvm/gems/ruby-2.0.0-p0/specifications/journey-1.0.4.gemspec
I, [2014-01-03T23:03:52.870278 #3794]  INFO -- : 0:  rack (1.4.5) from /home/icicle/.rvm/gems/ruby-2.0.0-p0/specifications/rack-1.4.5.gemspec
I, [2014-01-03T23:03:52.870658 #3794]  INFO -- : 0:  rack-cache (1.2) from /home/icicle/.rvm/gems/ruby-2.0.0-p0/specifications/rack-cache-1.2.gemspec
I, [2014-01-03T23:03:52.871081 #3794]  INFO -- : 0:  rack-test (0.6.2) from /home/icicle/.rvm/gems/ruby-2.0.0-p0/specifications/rack-test-0.6.2.gemspec
I, [2014-01-03T23:03:52.871479 #3794]  INFO -- : 0:  hike (1.2.3) from /home/icicle/.rvm/gems/ruby-2.0.0-p0/specifications/hike-1.2.3.gemspec
I, [2014-01-03T23:03:52.871859 #3794]  INFO -- : 0:  tilt (1.4.1) from /home/icicle/.rvm/gems/ruby-2.0.0-p0/specifications/tilt-1.4.1.gemspec
I, [2014-01-03T23:03:52.872234 #3794]  INFO -- : 0:  sprockets (2.2.2) from /home/icicle/.rvm/gems/ruby-2.0.0-p0/specifications/sprockets-2.2.2.gemspec
I, [2014-01-03T23:03:52.872633 #3794]  INFO -- : 0:  actionpack (3.2.13) from /home/icicle/.rvm/gems/ruby-2.0.0-p0/specifications/actionpack-3.2.13.gemspec
I, [2014-01-03T23:03:52.873019 #3794]  INFO -- : 0:  mime-types (1.25.1) from /home/icicle/.rvm/gems/ruby-2.0.0-p0/specifications/mime-types-1.25.1.gemspec
I, [2014-01-03T23:03:52.873445 #3794]  INFO -- : 0:  polyglot (0.3.3) from /home/icicle/.rvm/gems/ruby-2.0.0-p0/specifications/polyglot-0.3.3.gemspec
I, [2014-01-03T23:03:52.873799 #3794]  INFO -- : 0:  treetop (1.4.15) from /home/icicle/.rvm/gems/ruby-2.0.0-p0/specifications/treetop-1.4.15.gemspec
I, [2014-01-03T23:03:52.874190 #3794]  INFO -- : 0:  mail (2.5.4) from /home/icicle/.rvm/gems/ruby-2.0.0-p0/specifications/mail-2.5.4.gemspec
I, [2014-01-03T23:03:52.874613 #3794]  INFO -- : 0:  actionmailer (3.2.13) from /home/icicle/.rvm/gems/ruby-2.0.0-p0/specifications/actionmailer-3.2.13.gemspec
I, [2014-01-03T23:03:52.874965 #3794]  INFO -- : 0:  arel (3.0.3) from /home/icicle/.rvm/gems/ruby-2.0.0-p0/specifications/arel-3.0.3.gemspec
I, [2014-01-03T23:03:52.875350 #3794]  INFO -- : 0:  tzinfo (0.3.38) from /home/icicle/.rvm/gems/ruby-2.0.0-p0/specifications/tzinfo-0.3.38.gemspec
I, [2014-01-03T23:03:52.875790 #3794]  INFO -- : 0:  activerecord (3.2.13) from /home/icicle/.rvm/gems/ruby-2.0.0-p0/specifications/activerecord-3.2.13.gemspec
I, [2014-01-03T23:03:52.876200 #3794]  INFO -- : 0:  activeresource (3.2.13) from /home/icicle/.rvm/gems/ruby-2.0.0-p0/specifications/activeresource-3.2.13.gemspec
I, [2014-01-03T23:03:52.876673 #3794]  INFO -- : 0:  addressable (2.3.5) from /home/icicle/.rvm/gems/ruby-2.0.0-p0/specifications/addressable-2.3.5.gemspec
I, [2014-01-03T23:03:52.877102 #3794]  INFO -- : 0:  ansi (1.4.3) from /home/icicle/.rvm/gems/ruby-2.0.0-p0/specifications/ansi-1.4.3.gemspec
I, [2014-01-03T23:03:52.877762 #3794]  INFO -- : 0:  atomic (1.1.14) from /home/icicle/.rvm/gems/ruby-2.0.0-p0/specifications/atomic-1.1.14.gemspec
I, [2014-01-03T23:03:52.878641 #3794]  INFO -- : 0:  bcrypt-ruby (3.1.2) from /home/icicle/.rvm/gems/ruby-2.0.0-p0/specifications/bcrypt-ruby-3.1.2.gemspec
I, [2014-01-03T23:03:52.879438 #3794]  INFO -- : 0:  bundler (1.5.0) from /home/icicle/.rvm/gems/ruby-2.0.0-p0/specifications/bundler-1.5.0.gemspec
I, [2014-01-03T23:03:52.880343 #3794]  INFO -- : 0:  mini_portile (0.5.2) from /home/icicle/.rvm/gems/ruby-2.0.0-p0/specifications/mini_portile-0.5.2.gemspec
I, [2014-01-03T23:03:52.881206 #3794]  INFO -- : 0:  nokogiri (1.6.0) from /home/icicle/.rvm/gems/ruby-2.0.0-p0/specifications/nokogiri-1.6.0.gemspec
I, [2014-01-03T23:03:52.881750 #3794]  INFO -- : 0:  xpath (2.0.0) from /home/icicle/.rvm/gems/ruby-2.0.0-p0/specifications/xpath-2.0.0.gemspec
I, [2014-01-03T23:03:52.882116 #3794]  INFO -- : 0:  capybara (2.1.0) from /home/icicle/.rvm/gems/ruby-2.0.0-p0/specifications/capybara-2.1.0.gemspec
I, [2014-01-03T23:03:52.882477 #3794]  INFO -- : 0:  timers (1.1.0) from /home/icicle/.rvm/gems/ruby-2.0.0-p0/specifications/timers-1.1.0.gemspec
I, [2014-01-03T23:03:52.882835 #3794]  INFO -- : 0:  celluloid (0.15.2) from /home/icicle/.rvm/gems/ruby-2.0.0-p0/specifications/celluloid-0.15.2.gemspec
I, [2014-01-03T23:03:52.883198 #3794]  INFO -- : 0:  ffi (1.9.3) from /home/icicle/.rvm/gems/ruby-2.0.0-p0/specifications/ffi-1.9.3.gemspec
I, [2014-01-03T23:03:52.883869 #3794]  INFO -- : 0:  childprocess (0.3.9) from /home/icicle/.rvm/gems/ruby-2.0.0-p0/specifications/childprocess-0.3.9.gemspec
I, [2014-01-03T23:03:52.884285 #3794]  INFO -- : 0:  coderay (1.1.0) from /home/icicle/.rvm/gems/ruby-2.0.0-p0/specifications/coderay-1.1.0.gemspec
I, [2014-01-03T23:03:52.884650 #3794]  INFO -- : 0:  coffee-script-source (1.6.3) from /home/icicle/.rvm/gems/ruby-2.0.0-p0/specifications/coffee-script-source-1.6.3.gemspec
I, [2014-01-03T23:03:52.885024 #3794]  INFO -- : 0:  execjs (2.0.2) from /home/icicle/.rvm/gems/ruby-2.0.0-p0/specifications/execjs-2.0.2.gemspec
I, [2014-01-03T23:03:52.885424 #3794]  INFO -- : 0:  coffee-script (2.2.0) from /home/icicle/.rvm/gems/ruby-2.0.0-p0/specifications/coffee-script-2.2.0.gemspec
I, [2014-01-03T23:03:52.885765 #3794]  INFO -- : 0:  rack-ssl (1.3.3) from /home/icicle/.rvm/gems/ruby-2.0.0-p0/specifications/rack-ssl-1.3.3.gemspec
I, [2014-01-03T23:03:52.886136 #3794]  INFO -- : 0:  json (1.8.1) from /home/icicle/.rvm/gems/ruby-2.0.0-p0/specifications/json-1.8.1.gemspec
I, [2014-01-03T23:03:52.886505 #3794]  INFO -- : 0:  rdoc (3.12.2) from /home/icicle/.rvm/gems/ruby-2.0.0-p0/specifications/rdoc-3.12.2.gemspec
I, [2014-01-03T23:03:52.886887 #3794]  INFO -- : 0:  thor (0.18.1) from /home/icicle/.rvm/gems/ruby-2.0.0-p0/specifications/thor-0.18.1.gemspec
I, [2014-01-03T23:03:52.887272 #3794]  INFO -- : 0:  railties (3.2.13) from /home/icicle/.rvm/gems/ruby-2.0.0-p0/specifications/railties-3.2.13.gemspec
I, [2014-01-03T23:03:52.887653 #3794]  INFO -- : 0:  coffee-rails (3.2.2) from /home/icicle/.rvm/gems/ruby-2.0.0-p0/specifications/coffee-rails-3.2.2.gemspec
I, [2014-01-03T23:03:52.888030 #3794]  INFO -- : 0:  database_cleaner (1.0.1) from /home/icicle/.rvm/gems/ruby-2.0.0-p0/specifications/database_cleaner-1.0.1.gemspec
I, [2014-01-03T23:03:52.888386 #3794]  INFO -- : 0:  orm_adapter (0.5.0) from /home/icicle/.rvm/gems/ruby-2.0.0-p0/specifications/orm_adapter-0.5.0.gemspec
I, [2014-01-03T23:03:52.888752 #3794]  INFO -- : 0:  thread_safe (0.1.3) from /home/icicle/.rvm/gems/ruby-2.0.0-p0/specifications/thread_safe-0.1.3.gemspec
I, [2014-01-03T23:03:52.889107 #3794]  INFO -- : 0:  warden (1.2.3) from /home/icicle/.rvm/gems/ruby-2.0.0-p0/specifications/warden-1.2.3.gemspec
I, [2014-01-03T23:03:52.889484 #3794]  INFO -- : 0:  devise (3.2.2) from /home/icicle/.rvm/gems/ruby-2.0.0-p0/specifications/devise-3.2.2.gemspec
I, [2014-01-03T23:03:52.889858 #3794]  INFO -- : 0:  diff-lcs (1.2.5) from /home/icicle/.rvm/gems/ruby-2.0.0-p0/specifications/diff-lcs-1.2.5.gemspec
I, [2014-01-03T23:03:52.890214 #3794]  INFO -- : 0:  launchy (2.3.0) from /home/icicle/.rvm/gems/ruby-2.0.0-p0/specifications/launchy-2.3.0.gemspec
I, [2014-01-03T23:03:52.890569 #3794]  INFO -- : 0:  email_spec (1.5.0) from /home/icicle/.rvm/gems/ruby-2.0.0-p0/specifications/email_spec-1.5.0.gemspec
I, [2014-01-03T23:03:52.890944 #3794]  INFO -- : 0:  factory_girl (4.2.0) from /home/icicle/.rvm/gems/ruby-2.0.0-p0/specifications/factory_girl-4.2.0.gemspec
I, [2014-01-03T23:03:52.891370 #3794]  INFO -- : 0:  factory_girl_rails (4.2.1) from /home/icicle/.rvm/gems/ruby-2.0.0-p0/specifications/factory_girl_rails-4.2.1.gemspec
I, [2014-01-03T23:03:52.892004 #3794]  INFO -- : 0:  faker (1.1.2) from /home/icicle/.rvm/gems/ruby-2.0.0-p0/specifications/faker-1.1.2.gemspec
I, [2014-01-03T23:03:52.901881 #3794]  INFO -- : 0:  formatador (0.2.4) from /home/icicle/.rvm/gems/ruby-2.0.0-p0/specifications/formatador-0.2.4.gemspec
I, [2014-01-03T23:03:52.902295 #3794]  INFO -- : 0:  rb-fsevent (0.9.3) from /home/icicle/.rvm/gems/ruby-2.0.0-p0/specifications/rb-fsevent-0.9.3.gemspec
I, [2014-01-03T23:03:52.902673 #3794]  INFO -- : 0:  rb-inotify (0.9.2) from /home/icicle/.rvm/gems/ruby-2.0.0-p0/specifications/rb-inotify-0.9.2.gemspec
I, [2014-01-03T23:03:52.903038 #3794]  INFO -- : 0:  listen (2.4.0) from /home/icicle/.rvm/gems/ruby-2.0.0-p0/specifications/listen-2.4.0.gemspec
I, [2014-01-03T23:03:52.903412 #3794]  INFO -- : 0:  lumberjack (1.0.4) from /home/icicle/.rvm/gems/ruby-2.0.0-p0/specifications/lumberjack-1.0.4.gemspec
I, [2014-01-03T23:03:52.903798 #3794]  INFO -- : 0:  method_source (0.8.2) from /home/icicle/.rvm/gems/ruby-2.0.0-p0/specifications/method_source-0.8.2.gemspec
I, [2014-01-03T23:03:52.904267 #3794]  INFO -- : 0:  slop (3.4.7) from /home/icicle/.rvm/gems/ruby-2.0.0-p0/specifications/slop-3.4.7.gemspec
I, [2014-01-03T23:03:52.904688 #3794]  INFO -- : 0:  pry (0.9.12.4) from /home/icicle/.rvm/gems/ruby-2.0.0-p0/specifications/pry-0.9.12.4.gemspec
I, [2014-01-03T23:03:52.905118 #3794]  INFO -- : 0:  guard (2.2.4) from /home/icicle/.rvm/gems/ruby-2.0.0-p0/specifications/guard-2.2.4.gemspec
I, [2014-01-03T23:03:52.905535 #3794]  INFO -- : 0:  rspec-core (2.14.7) from /home/icicle/.rvm/gems/ruby-2.0.0-p0/specifications/rspec-core-2.14.7.gemspec
I, [2014-01-03T23:03:52.905949 #3794]  INFO -- : 0:  rspec-expectations (2.14.4) from /home/icicle/.rvm/gems/ruby-2.0.0-p0/specifications/rspec-expectations-2.14.4.gemspec
I, [2014-01-03T23:03:52.906390 #3794]  INFO -- : 0:  rspec-mocks (2.14.4) from /home/icicle/.rvm/gems/ruby-2.0.0-p0/specifications/rspec-mocks-2.14.4.gemspec
I, [2014-01-03T23:03:52.906748 #3794]  INFO -- : 0:  rspec (2.14.1) from /home/icicle/.rvm/gems/ruby-2.0.0-p0/specifications/rspec-2.14.1.gemspec
I, [2014-01-03T23:03:52.907126 #3794]  INFO -- : 0:  guard-rspec (4.2.0) from /home/icicle/.rvm/gems/ruby-2.0.0-p0/specifications/guard-rspec-4.2.0.gemspec
I, [2014-01-03T23:03:52.907486 #3794]  INFO -- : 0:  jbuilder (1.5.3) from /home/icicle/.rvm/gems/ruby-2.0.0-p0/specifications/jbuilder-1.5.3.gemspec
I, [2014-01-03T23:03:52.907942 #3794]  INFO -- : 0:  jquery-rails (3.0.4) from /home/icicle/.rvm/gems/ruby-2.0.0-p0/specifications/jquery-rails-3.0.4.gemspec
I, [2014-01-03T23:03:52.908381 #3794]  INFO -- : 0:  libnotify (0.8.2) from /home/icicle/.rvm/gems/ruby-2.0.0-p0/specifications/libnotify-0.8.2.gemspec
I, [2014-01-03T23:03:52.908762 #3794]  INFO -- : 0:  libv8 (3.16.14.3) from /home/icicle/.rvm/gems/ruby-2.0.0-p0/specifications/libv8-3.16.14.3.gemspec
I, [2014-01-03T23:03:52.909175 #3794]  INFO -- : 0:  pg (0.17.0) from /home/icicle/.rvm/gems/ruby-2.0.0-p0/specifications/pg-0.17.0.gemspec
I, [2014-01-03T23:03:52.909720 #3794]  INFO -- : 0:  rails (3.2.13) from /home/icicle/.rvm/gems/ruby-2.0.0-p0/specifications/rails-3.2.13.gemspec
I, [2014-01-03T23:03:52.910223 #3794]  INFO -- : 0:  ref (1.0.5) from /home/icicle/.rvm/gems/ruby-2.0.0-p0/specifications/ref-1.0.5.gemspec
I, [2014-01-03T23:03:52.910689 #3794]  INFO -- : 0:  rspec-rails (2.14.0) from /home/icicle/.rvm/gems/ruby-2.0.0-p0/specifications/rspec-rails-2.14.0.gemspec
I, [2014-01-03T23:03:52.911054 #3794]  INFO -- : 0:  rubyzip (0.9.9) from /home/icicle/.rvm/gems/ruby-2.0.0-p0/specifications/rubyzip-0.9.9.gemspec
I, [2014-01-03T23:03:52.911430 #3794]  INFO -- : 0:  sass (3.2.12) from /home/icicle/.rvm/gems/ruby-2.0.0-p0/specifications/sass-3.2.12.gemspec
I, [2014-01-03T23:03:52.911795 #3794]  INFO -- : 0:  sass-rails (3.2.6) from /home/icicle/.rvm/gems/ruby-2.0.0-p0/specifications/sass-rails-3.2.6.gemspec
I, [2014-01-03T23:03:52.912164 #3794]  INFO -- : 0:  websocket (1.0.7) from /home/icicle/.rvm/gems/ruby-2.0.0-p0/specifications/websocket-1.0.7.gemspec
I, [2014-01-03T23:03:52.912506 #3794]  INFO -- : 0:  selenium-webdriver (2.35.1) from /home/icicle/.rvm/gems/ruby-2.0.0-p0/specifications/selenium-webdriver-2.35.1.gemspec
I, [2014-01-03T23:03:52.912871 #3794]  INFO -- : 0:  sqlite3 (1.3.8) from /home/icicle/.rvm/gems/ruby-2.0.0-p0/specifications/sqlite3-1.3.8.gemspec
I, [2014-01-03T23:03:52.913242 #3794]  INFO -- : 0:  therubyracer (0.12.0) from /home/icicle/.rvm/gems/ruby-2.0.0-p0/specifications/therubyracer-0.12.0.gemspec
I, [2014-01-03T23:03:52.913628 #3794]  INFO -- : 0:  turn (0.9.6) from /home/icicle/.rvm/gems/ruby-2.0.0-p0/specifications/turn-0.9.6.gemspec
I, [2014-01-03T23:03:52.913968 #3794]  INFO -- : 0:  uglifier (2.3.2) from /home/icicle/.rvm/gems/ruby-2.0.0-p0/specifications/uglifier-2.3.2.gemspec
I, [2014-01-04T17:54:05.472846 #11569]  INFO -- : 0:  rake (10.1.0) from /home/icicle/.rvm/gems/ruby-2.0.0-p0/specifications/rake-10.1.0.gemspec
I, [2014-01-04T17:54:05.508512 #11569]  INFO -- : 0:  i18n (0.6.1) from /home/icicle/.rvm/gems/ruby-2.0.0-p0/specifications/i18n-0.6.1.gemspec
I, [2014-01-04T17:54:05.508967 #11569]  INFO -- : 0:  multi_json (1.8.2) from /home/icicle/.rvm/gems/ruby-2.0.0-p0/specifications/multi_json-1.8.2.gemspec
I, [2014-01-04T17:54:05.509392 #11569]  INFO -- : 0:  activesupport (3.2.13) from /home/icicle/.rvm/gems/ruby-2.0.0-p0/specifications/activesupport-3.2.13.gemspec
I, [2014-01-04T17:54:05.509787 #11569]  INFO -- : 0:  builder (3.0.4) from /home/icicle/.rvm/gems/ruby-2.0.0-p0/specifications/builder-3.0.4.gemspec
I, [2014-01-04T17:54:05.510173 #11569]  INFO -- : 0:  activemodel (3.2.13) from /home/icicle/.rvm/gems/ruby-2.0.0-p0/specifications/activemodel-3.2.13.gemspec
I, [2014-01-04T17:54:05.510555 #11569]  INFO -- : 0:  erubis (2.7.0) from /home/icicle/.rvm/gems/ruby-2.0.0-p0/specifications/erubis-2.7.0.gemspec
I, [2014-01-04T17:54:05.510971 #11569]  INFO -- : 0:  journey (1.0.4) from /home/icicle/.rvm/gems/ruby-2.0.0-p0/specifications/journey-1.0.4.gemspec
I, [2014-01-04T17:54:05.511340 #11569]  INFO -- : 0:  rack (1.4.5) from /home/icicle/.rvm/gems/ruby-2.0.0-p0/specifications/rack-1.4.5.gemspec
I, [2014-01-04T17:54:05.511714 #11569]  INFO -- : 0:  rack-cache (1.2) from /home/icicle/.rvm/gems/ruby-2.0.0-p0/specifications/rack-cache-1.2.gemspec
I, [2014-01-04T17:54:05.512126 #11569]  INFO -- : 0:  rack-test (0.6.2) from /home/icicle/.rvm/gems/ruby-2.0.0-p0/specifications/rack-test-0.6.2.gemspec
I, [2014-01-04T17:54:05.512512 #11569]  INFO -- : 0:  hike (1.2.3) from /home/icicle/.rvm/gems/ruby-2.0.0-p0/specifications/hike-1.2.3.gemspec
I, [2014-01-04T17:54:05.512888 #11569]  INFO -- : 0:  tilt (1.4.1) from /home/icicle/.rvm/gems/ruby-2.0.0-p0/specifications/tilt-1.4.1.gemspec
I, [2014-01-04T17:54:05.513289 #11569]  INFO -- : 0:  sprockets (2.2.2) from /home/icicle/.rvm/gems/ruby-2.0.0-p0/specifications/sprockets-2.2.2.gemspec
I, [2014-01-04T17:54:05.513663 #11569]  INFO -- : 0:  actionpack (3.2.13) from /home/icicle/.rvm/gems/ruby-2.0.0-p0/specifications/actionpack-3.2.13.gemspec
I, [2014-01-04T17:54:05.514037 #11569]  INFO -- : 0:  mime-types (1.25.1) from /home/icicle/.rvm/gems/ruby-2.0.0-p0/specifications/mime-types-1.25.1.gemspec
I, [2014-01-04T17:54:05.514436 #11569]  INFO -- : 0:  polyglot (0.3.3) from /home/icicle/.rvm/gems/ruby-2.0.0-p0/specifications/polyglot-0.3.3.gemspec
I, [2014-01-04T17:54:05.514811 #11569]  INFO -- : 0:  treetop (1.4.15) from /home/icicle/.rvm/gems/ruby-2.0.0-p0/specifications/treetop-1.4.15.gemspec
I, [2014-01-04T17:54:05.515178 #11569]  INFO -- : 0:  mail (2.5.4) from /home/icicle/.rvm/gems/ruby-2.0.0-p0/specifications/mail-2.5.4.gemspec
I, [2014-01-04T17:54:05.515589 #11569]  INFO -- : 0:  actionmailer (3.2.13) from /home/icicle/.rvm/gems/ruby-2.0.0-p0/specifications/actionmailer-3.2.13.gemspec
I, [2014-01-04T17:54:05.515960 #11569]  INFO -- : 0:  arel (3.0.3) from /home/icicle/.rvm/gems/ruby-2.0.0-p0/specifications/arel-3.0.3.gemspec
I, [2014-01-04T17:54:05.516332 #11569]  INFO -- : 0:  tzinfo (0.3.38) from /home/icicle/.rvm/gems/ruby-2.0.0-p0/specifications/tzinfo-0.3.38.gemspec
I, [2014-01-04T17:54:05.516752 #11569]  INFO -- : 0:  activerecord (3.2.13) from /home/icicle/.rvm/gems/ruby-2.0.0-p0/specifications/activerecord-3.2.13.gemspec
I, [2014-01-04T17:54:05.517128 #11569]  INFO -- : 0:  activeresource (3.2.13) from /home/icicle/.rvm/gems/ruby-2.0.0-p0/specifications/activeresource-3.2.13.gemspec
I, [2014-01-04T17:54:05.517503 #11569]  INFO -- : 0:  addressable (2.3.5) from /home/icicle/.rvm/gems/ruby-2.0.0-p0/specifications/addressable-2.3.5.gemspec
I, [2014-01-04T17:54:05.517908 #11569]  INFO -- : 0:  ansi (1.4.3) from /home/icicle/.rvm/gems/ruby-2.0.0-p0/specifications/ansi-1.4.3.gemspec
I, [2014-01-04T17:54:05.518266 #11569]  INFO -- : 0:  atomic (1.1.14) from /home/icicle/.rvm/gems/ruby-2.0.0-p0/specifications/atomic-1.1.14.gemspec
I, [2014-01-04T17:54:05.518635 #11569]  INFO -- : 0:  bcrypt-ruby (3.1.2) from /home/icicle/.rvm/gems/ruby-2.0.0-p0/specifications/bcrypt-ruby-3.1.2.gemspec
I, [2014-01-04T17:54:05.519185 #11569]  INFO -- : 0:  bundler (1.5.0) from /home/icicle/.rvm/gems/ruby-2.0.0-p0/specifications/bundler-1.5.0.gemspec
I, [2014-01-04T17:54:05.519782 #11569]  INFO -- : 0:  mini_portile (0.5.2) from /home/icicle/.rvm/gems/ruby-2.0.0-p0/specifications/mini_portile-0.5.2.gemspec
I, [2014-01-04T17:54:05.520291 #11569]  INFO -- : 0:  nokogiri (1.6.0) from /home/icicle/.rvm/gems/ruby-2.0.0-p0/specifications/nokogiri-1.6.0.gemspec
I, [2014-01-04T17:54:05.520699 #11569]  INFO -- : 0:  xpath (2.0.0) from /home/icicle/.rvm/gems/ruby-2.0.0-p0/specifications/xpath-2.0.0.gemspec
I, [2014-01-04T17:54:05.521116 #11569]  INFO -- : 0:  capybara (2.1.0) from /home/icicle/.rvm/gems/ruby-2.0.0-p0/specifications/capybara-2.1.0.gemspec
I, [2014-01-04T17:54:05.521488 #11569]  INFO -- : 0:  timers (1.1.0) from /home/icicle/.rvm/gems/ruby-2.0.0-p0/specifications/timers-1.1.0.gemspec
I, [2014-01-04T17:54:05.521857 #11569]  INFO -- : 0:  celluloid (0.15.2) from /home/icicle/.rvm/gems/ruby-2.0.0-p0/specifications/celluloid-0.15.2.gemspec
I, [2014-01-04T17:54:05.522268 #11569]  INFO -- : 0:  ffi (1.9.3) from /home/icicle/.rvm/gems/ruby-2.0.0-p0/specifications/ffi-1.9.3.gemspec
I, [2014-01-04T17:54:05.522654 #11569]  INFO -- : 0:  childprocess (0.3.9) from /home/icicle/.rvm/gems/ruby-2.0.0-p0/specifications/childprocess-0.3.9.gemspec
I, [2014-01-04T17:54:05.523030 #11569]  INFO -- : 0:  coderay (1.1.0) from /home/icicle/.rvm/gems/ruby-2.0.0-p0/specifications/coderay-1.1.0.gemspec
I, [2014-01-04T17:54:05.523445 #11569]  INFO -- : 0:  coffee-script-source (1.6.3) from /home/icicle/.rvm/gems/ruby-2.0.0-p0/specifications/coffee-script-source-1.6.3.gemspec
I, [2014-01-04T17:54:05.523815 #11569]  INFO -- : 0:  execjs (2.0.2) from /home/icicle/.rvm/gems/ruby-2.0.0-p0/specifications/execjs-2.0.2.gemspec
I, [2014-01-04T17:54:05.524183 #11569]  INFO -- : 0:  coffee-script (2.2.0) from /home/icicle/.rvm/gems/ruby-2.0.0-p0/specifications/coffee-script-2.2.0.gemspec
I, [2014-01-04T17:54:05.524593 #11569]  INFO -- : 0:  rack-ssl (1.3.3) from /home/icicle/.rvm/gems/ruby-2.0.0-p0/specifications/rack-ssl-1.3.3.gemspec
I, [2014-01-04T17:54:05.524977 #11569]  INFO -- : 0:  json (1.8.1) from /home/icicle/.rvm/gems/ruby-2.0.0-p0/specifications/json-1.8.1.gemspec
I, [2014-01-04T17:54:05.525342 #11569]  INFO -- : 0:  rdoc (3.12.2) from /home/icicle/.rvm/gems/ruby-2.0.0-p0/specifications/rdoc-3.12.2.gemspec
I, [2014-01-04T17:54:05.525738 #11569]  INFO -- : 0:  thor (0.18.1) from /home/icicle/.rvm/gems/ruby-2.0.0-p0/specifications/thor-0.18.1.gemspec
I, [2014-01-04T17:54:05.526110 #11569]  INFO -- : 0:  railties (3.2.13) from /home/icicle/.rvm/gems/ruby-2.0.0-p0/specifications/railties-3.2.13.gemspec
I, [2014-01-04T17:54:05.526514 #11569]  INFO -- : 0:  coffee-rails (3.2.2) from /home/icicle/.rvm/gems/ruby-2.0.0-p0/specifications/coffee-rails-3.2.2.gemspec
I, [2014-01-04T17:54:05.526928 #11569]  INFO -- : 0:  database_cleaner (1.0.1) from /home/icicle/.rvm/gems/ruby-2.0.0-p0/specifications/database_cleaner-1.0.1.gemspec
I, [2014-01-04T17:54:05.527294 #11569]  INFO -- : 0:  orm_adapter (0.5.0) from /home/icicle/.rvm/gems/ruby-2.0.0-p0/specifications/orm_adapter-0.5.0.gemspec
I, [2014-01-04T17:54:05.527666 #11569]  INFO -- : 0:  thread_safe (0.1.3) from /home/icicle/.rvm/gems/ruby-2.0.0-p0/specifications/thread_safe-0.1.3.gemspec
I, [2014-01-04T17:54:05.528063 #11569]  INFO -- : 0:  warden (1.2.3) from /home/icicle/.rvm/gems/ruby-2.0.0-p0/specifications/warden-1.2.3.gemspec
I, [2014-01-04T17:54:05.528426 #11569]  INFO -- : 0:  devise (3.2.2) from /home/icicle/.rvm/gems/ruby-2.0.0-p0/specifications/devise-3.2.2.gemspec
I, [2014-01-04T17:54:05.528815 #11569]  INFO -- : 0:  diff-lcs (1.2.5) from /home/icicle/.rvm/gems/ruby-2.0.0-p0/specifications/diff-lcs-1.2.5.gemspec
I, [2014-01-04T17:54:05.529218 #11569]  INFO -- : 0:  eventmachine (1.0.3) from /home/icicle/.rvm/gems/ruby-2.0.0-p0/specifications/eventmachine-1.0.3.gemspec
I, [2014-01-04T17:54:54.272517 #11569]  INFO -- : 0:  http_parser.rb (0.5.3) from /home/icicle/.rvm/gems/ruby-2.0.0-p0/specifications/http_parser.rb-0.5.3.gemspec
I, [2014-01-04T17:55:35.958742 #11569]  INFO -- : 0:  em-websocket (0.5.0) from /home/icicle/.rvm/gems/ruby-2.0.0-p0/specifications/em-websocket-0.5.0.gemspec
I, [2014-01-04T17:55:35.960020 #11569]  INFO -- : 0:  launchy (2.3.0) from /home/icicle/.rvm/gems/ruby-2.0.0-p0/specifications/launchy-2.3.0.gemspec
I, [2014-01-04T17:55:35.961028 #11569]  INFO -- : 0:  email_spec (1.5.0) from /home/icicle/.rvm/gems/ruby-2.0.0-p0/specifications/email_spec-1.5.0.gemspec
I, [2014-01-04T17:55:35.961968 #11569]  INFO -- : 0:  factory_girl (4.2.0) from /home/icicle/.rvm/gems/ruby-2.0.0-p0/specifications/factory_girl-4.2.0.gemspec
I, [2014-01-04T17:55:35.962892 #11569]  INFO -- : 0:  factory_girl_rails (4.2.1) from /home/icicle/.rvm/gems/ruby-2.0.0-p0/specifications/factory_girl_rails-4.2.1.gemspec
I, [2014-01-04T17:55:35.963785 #11569]  INFO -- : 0:  faker (1.1.2) from /home/icicle/.rvm/gems/ruby-2.0.0-p0/specifications/faker-1.1.2.gemspec
I, [2014-01-04T17:55:35.964724 #11569]  INFO -- : 0:  formatador (0.2.4) from /home/icicle/.rvm/gems/ruby-2.0.0-p0/specifications/formatador-0.2.4.gemspec
I, [2014-01-04T17:55:35.965082 #11569]  INFO -- : 0:  rb-fsevent (0.9.3) from /home/icicle/.rvm/gems/ruby-2.0.0-p0/specifications/rb-fsevent-0.9.3.gemspec
I, [2014-01-04T17:55:35.965449 #11569]  INFO -- : 0:  rb-inotify (0.9.2) from /home/icicle/.rvm/gems/ruby-2.0.0-p0/specifications/rb-inotify-0.9.2.gemspec
I, [2014-01-04T17:55:35.965822 #11569]  INFO -- : 0:  listen (2.4.0) from /home/icicle/.rvm/gems/ruby-2.0.0-p0/specifications/listen-2.4.0.gemspec
I, [2014-01-04T17:55:35.966240 #11569]  INFO -- : 0:  lumberjack (1.0.4) from /home/icicle/.rvm/gems/ruby-2.0.0-p0/specifications/lumberjack-1.0.4.gemspec
I, [2014-01-04T17:55:35.966610 #11569]  INFO -- : 0:  method_source (0.8.2) from /home/icicle/.rvm/gems/ruby-2.0.0-p0/specifications/method_source-0.8.2.gemspec
I, [2014-01-04T17:55:35.966971 #11569]  INFO -- : 0:  slop (3.4.7) from /home/icicle/.rvm/gems/ruby-2.0.0-p0/specifications/slop-3.4.7.gemspec
I, [2014-01-04T17:55:35.967327 #11569]  INFO -- : 0:  pry (0.9.12.4) from /home/icicle/.rvm/gems/ruby-2.0.0-p0/specifications/pry-0.9.12.4.gemspec
I, [2014-01-04T17:55:35.967676 #11569]  INFO -- : 0:  guard (2.2.4) from /home/icicle/.rvm/gems/ruby-2.0.0-p0/specifications/guard-2.2.4.gemspec
I, [2014-01-04T17:56:16.193554 #11569]  INFO -- : 0:  guard-livereload (2.1.0) from /home/icicle/.rvm/gems/ruby-2.0.0-p0/specifications/guard-livereload-2.1.0.gemspec
I, [2014-01-04T17:56:16.194024 #11569]  INFO -- : 0:  rspec-core (2.14.7) from /home/icicle/.rvm/gems/ruby-2.0.0-p0/specifications/rspec-core-2.14.7.gemspec
I, [2014-01-04T17:56:16.194387 #11569]  INFO -- : 0:  rspec-expectations (2.14.4) from /home/icicle/.rvm/gems/ruby-2.0.0-p0/specifications/rspec-expectations-2.14.4.gemspec
I, [2014-01-04T17:56:16.194746 #11569]  INFO -- : 0:  rspec-mocks (2.14.4) from /home/icicle/.rvm/gems/ruby-2.0.0-p0/specifications/rspec-mocks-2.14.4.gemspec
I, [2014-01-04T17:56:16.195101 #11569]  INFO -- : 0:  rspec (2.14.1) from /home/icicle/.rvm/gems/ruby-2.0.0-p0/specifications/rspec-2.14.1.gemspec
I, [2014-01-04T17:56:16.195456 #11569]  INFO -- : 0:  guard-rspec (4.2.0) from /home/icicle/.rvm/gems/ruby-2.0.0-p0/specifications/guard-rspec-4.2.0.gemspec
I, [2014-01-04T17:56:16.195805 #11569]  INFO -- : 0:  jbuilder (1.5.3) from /home/icicle/.rvm/gems/ruby-2.0.0-p0/specifications/jbuilder-1.5.3.gemspec
I, [2014-01-04T17:56:16.196160 #11569]  INFO -- : 0:  jquery-rails (3.0.4) from /home/icicle/.rvm/gems/ruby-2.0.0-p0/specifications/jquery-rails-3.0.4.gemspec
I, [2014-01-04T17:56:16.196509 #11569]  INFO -- : 0:  libnotify (0.8.2) from /home/icicle/.rvm/gems/ruby-2.0.0-p0/specifications/libnotify-0.8.2.gemspec
I, [2014-01-04T17:56:16.196885 #11569]  INFO -- : 0:  libv8 (3.16.14.3) from /home/icicle/.rvm/gems/ruby-2.0.0-p0/specifications/libv8-3.16.14.3.gemspec
I, [2014-01-04T17:56:16.197237 #11569]  INFO -- : 0:  pg (0.17.0) from /home/icicle/.rvm/gems/ruby-2.0.0-p0/specifications/pg-0.17.0.gemspec
I, [2014-01-04T17:56:16.197582 #11569]  INFO -- : 0:  rails (3.2.13) from /home/icicle/.rvm/gems/ruby-2.0.0-p0/specifications/rails-3.2.13.gemspec
I, [2014-01-04T17:56:16.197928 #11569]  INFO -- : 0:  ref (1.0.5) from /home/icicle/.rvm/gems/ruby-2.0.0-p0/specifications/ref-1.0.5.gemspec
I, [2014-01-04T17:56:16.198271 #11569]  INFO -- : 0:  rspec-rails (2.14.0) from /home/icicle/.rvm/gems/ruby-2.0.0-p0/specifications/rspec-rails-2.14.0.gemspec
I, [2014-01-04T17:56:16.198616 #11569]  INFO -- : 0:  rubyzip (0.9.9) from /home/icicle/.rvm/gems/ruby-2.0.0-p0/specifications/rubyzip-0.9.9.gemspec
I, [2014-01-04T17:56:16.198959 #11569]  INFO -- : 0:  sass (3.2.12) from /home/icicle/.rvm/gems/ruby-2.0.0-p0/specifications/sass-3.2.12.gemspec
I, [2014-01-04T17:56:16.199308 #11569]  INFO -- : 0:  sass-rails (3.2.6) from /home/icicle/.rvm/gems/ruby-2.0.0-p0/specifications/sass-rails-3.2.6.gemspec
I, [2014-01-04T17:56:16.199650 #11569]  INFO -- : 0:  websocket (1.0.7) from /home/icicle/.rvm/gems/ruby-2.0.0-p0/specifications/websocket-1.0.7.gemspec
I, [2014-01-04T17:56:16.199999 #11569]  INFO -- : 0:  selenium-webdriver (2.35.1) from /home/icicle/.rvm/gems/ruby-2.0.0-p0/specifications/selenium-webdriver-2.35.1.gemspec
I, [2014-01-04T17:56:16.200345 #11569]  INFO -- : 0:  sqlite3 (1.3.8) from /home/icicle/.rvm/gems/ruby-2.0.0-p0/specifications/sqlite3-1.3.8.gemspec
I, [2014-01-04T17:56:16.200801 #11569]  INFO -- : 0:  therubyracer (0.12.0) from /home/icicle/.rvm/gems/ruby-2.0.0-p0/specifications/therubyracer-0.12.0.gemspec
I, [2014-01-04T17:56:16.201214 #11569]  INFO -- : 0:  turn (0.9.6) from /home/icicle/.rvm/gems/ruby-2.0.0-p0/specifications/turn-0.9.6.gemspec
I, [2014-01-04T17:56:16.201616 #11569]  INFO -- : 0:  uglifier (2.3.2) from /home/icicle/.rvm/gems/ruby-2.0.0-p0/specifications/uglifier-2.3.2.gemspec
